[2025-05-17 19:29:02] Failed to assign cargo 'food' (1000,00 kg) to destination 'Los Santos': No suitable vehicle
[2025-05-17 19:29:02] Assigned cargo 'electronics' (300,00 kg) to Driver 'Ivan' and Vehicle 'Van'
[2025-05-17 19:29:02] Failed to assign cargo 'fuel' (1000,00 kg) to destination 'Carcer City': No suitable driver
[2025-05-17 19:29:22] Failed to assign cargo 'food' (1000,00 kg) to destination 'Los Santos': No suitable vehicle
[2025-05-17 19:29:22] Assigned cargo 'electronics' (300,00 kg) to Driver 'Ivan' and Vehicle 'Van'
[2025-05-17 19:29:22] Failed to assign cargo 'fuel' (1000,00 kg) to destination 'Carcer City': No suitable driver
[2025-05-17 19:33:33] Failed to assign cargo 'furniture' (883,66 kg) to destination 'Empire Bay': No suitable driver
[2025-05-17 19:33:33] Failed to assign cargo 'electronics' (585,54 kg) to destination 'Lost Heaven': No suitable driver
[2025-05-17 19:33:33] Failed to assign cargo 'food' (273,33 kg) to destination 'Empire Bay': No suitable driver
[2025-05-17 19:33:33] Failed to assign cargo 'fuel' (757,08 kg) to destination 'Liberty City': No suitable driver
[2025-05-17 19:33:33] Failed to assign cargo 'chemicals' (933,39 kg) to destination 'Empire Bay': No suitable driver
[2025-05-17 19:33:33] Failed to assign cargo 'furniture' (819,94 kg) to destination 'Alderney': No suitable driver
[2025-05-17 19:33:33] Failed to assign cargo 'furniture' (496,06 kg) to destination 'Liberty City': No suitable driver
[2025-05-17 19:33:33] Failed to assign cargo 'food' (944,44 kg) to destination 'Alderney': No suitable driver
[2025-05-17 19:33:33] Failed to assign cargo 'food' (423,56 kg) to destination 'New Bordeaux': No suitable driver
[2025-05-17 19:58:24] Assigned cargo 'furniture' (883,66 kg) to Driver 'Aaron Clay' and Vehicle 'Box Truck'
[2025-05-17 19:58:24] Assigned cargo 'electronics' (585,54 kg) to Driver 'Patrick Schmidt' and Vehicle 'Mini Truck'
[2025-05-17 19:58:24] Assigned cargo 'food' (273,33 kg) to Driver 'Olivia Martinez' and Vehicle 'Tanker'
[2025-05-17 19:58:24] Failed to assign cargo 'fuel' (757,08 kg) to destination 'Liberty City': No suitable driver
[2025-05-17 19:58:24] Failed to assign cargo 'chemicals' (933,39 kg) to destination 'Empire Bay': No suitable driver
[2025-05-17 19:58:24] Failed to assign cargo 'furniture' (819,94 kg) to destination 'Alderney': No suitable driver
[2025-05-17 19:58:24] Failed to assign cargo 'furniture' (496,06 kg) to destination 'Liberty City': No suitable driver
[2025-05-17 19:58:24] Failed to assign cargo 'food' (944,44 kg) to destination 'Alderney': No suitable driver
[2025-05-17 19:58:24] Failed to assign cargo 'food' (423,56 kg) to destination 'New Bordeaux': No suitable driver
[2025-05-17 19:58:24] Failed to assign cargo 'fuel' (384,27 kg) to destination 'Alderney': No suitable driver
[2025-05-17 19:58:24] Failed to assign cargo 'chemicals' (235,72 kg) to destination 'Alderney': No suitable driver
[2025-05-17 19:58:24] Failed to assign cargo 'chemicals' (888,95 kg) to destination 'Alderney': No suitable driver
